<?xml version="1.0" encoding="UTF-8"?>
<!-- Generated by org.testng.reporters.JUnitXMLReporter -->
<testsuite ignored="0" hostname="DESKTOP-9HU6DH7" failures="0" tests="3" name="system-verification-test-task" time="7.918" errors="0" timestamp="2023-04-01T21:51:18 CEST">
  <testcase classname="webTests.testCases.EhsItemSearchTest" name="verificationOfItemList" time="0.292"/>
  <testcase classname="webTests.testCases.EhsItemSearchTest" name="verificationOfSpecificItems" time="2.219"/>
  <testcase classname="webTests.testCases.EhsItemSearchTest" name="verificationOfSearchItemsMethod" time="3.15"/>
</testsuite> <!-- system-verification-test-task -->
